\BOOKMARK [0][-]{toc.0}{Inhaltsverzeichnis}{}% 1
\BOOKMARK [0][-]{chapter.1}{Einleitung}{}% 2
\BOOKMARK [0][-]{chapter.2}{Stand der Technik}{}% 3
\BOOKMARK [1][-]{section.2.1}{Prozessindustrie}{chapter.2}% 4
\BOOKMARK [2][-]{subsection.2.1.1}{Prozessautomatisierungssystem}{section.2.1}% 5
\BOOKMARK [2][-]{subsection.2.1.2}{Modulare Anlagen}{section.2.1}% 6
\BOOKMARK [1][-]{section.2.2}{Probleml\366sen}{chapter.2}% 7
\BOOKMARK [2][-]{subsection.2.2.1}{Unterscheidung von Problemen}{section.2.2}% 8
\BOOKMARK [2][-]{subsection.2.2.2}{Arten von Probleml\366sern}{section.2.2}% 9
\BOOKMARK [2][-]{subsection.2.2.3}{Einfl\374sse}{section.2.2}% 10
\BOOKMARK [2][-]{subsection.2.2.4}{Phasen des Probleml\366sens}{section.2.2}% 11
\BOOKMARK [2][-]{subsection.2.2.5}{St\366rungsdiagnose}{section.2.2}% 12
\BOOKMARK [1][-]{section.2.3}{Kollaboration}{chapter.2}% 13
\BOOKMARK [1][-]{section.2.4}{Kommunikation}{chapter.2}% 14
\BOOKMARK [1][-]{section.2.5}{Assistenz}{chapter.2}% 15
\BOOKMARK [2][-]{subsection.2.5.1}{Anforderungen an digitale Assistenzsysteme}{section.2.5}% 16
\BOOKMARK [2][-]{subsection.2.5.2}{Einsatz von digitaler Assistenz}{section.2.5}% 17
\BOOKMARK [2][-]{subsection.2.5.3}{Assistenzsysteme}{section.2.5}% 18
\BOOKMARK [1][-]{section.2.6}{Gestaltung von Mensch-Maschine-Schnittstellen}{chapter.2}% 19
\BOOKMARK [2][-]{subsection.2.6.1}{Ergonomisch gute Gestaltung}{section.2.6}% 20
\BOOKMARK [2][-]{subsection.2.6.2}{User Experience}{section.2.6}% 21
\BOOKMARK [2][-]{subsection.2.6.3}{Individualisierung}{section.2.6}% 22
\BOOKMARK [1][-]{section.2.7}{Adaptive Systeme}{chapter.2}% 23
\BOOKMARK [2][-]{subsection.2.7.1}{Multiagentensysteme}{section.2.7}% 24
\BOOKMARK [2][-]{subsection.2.7.2}{Modellgest\374tztes User Interface}{section.2.7}% 25
\BOOKMARK [0][-]{chapter.3}{Analyse}{}% 26
\BOOKMARK [1][-]{section.3.1}{Vorhandene Informationen}{chapter.3}% 27
\BOOKMARK [2][-]{subsection.3.1.1}{Modulare Anlage}{section.3.1}% 28
\BOOKMARK [2][-]{subsection.3.1.2}{Prozessf\374hrungsebene}{section.3.1}% 29
\BOOKMARK [1][-]{section.3.2}{Informationsbedarf}{chapter.3}% 30
\BOOKMARK [2][-]{subsection.3.2.1}{Informationen nach Aufgabenbereich}{section.3.2}% 31
\BOOKMARK [2][-]{subsection.3.2.2}{Informationsbedarf der Operator}{section.3.2}% 32
\BOOKMARK [1][-]{section.3.3}{Informationsanpassung}{chapter.3}% 33
\BOOKMARK [2][-]{subsection.3.3.1}{Individualisierung f\374r den Menschen}{section.3.3}% 34
\BOOKMARK [2][-]{subsection.3.3.2}{Anpassung an die Aufgabe}{section.3.3}% 35
\BOOKMARK [1][-]{section.3.4}{Interaktionsmechaniken}{chapter.3}% 36
\BOOKMARK [1][-]{section.3.5}{Use Case}{chapter.3}% 37
\BOOKMARK [1][-]{section.3.6}{Anforderungen an das Assistenzsystem}{chapter.3}% 38
\BOOKMARK [2][-]{subsection.3.6.1}{Funktionale Anforderungen}{section.3.6}% 39
\BOOKMARK [2][-]{subsection.3.6.2}{Nichtfunktionale Anforderungen}{section.3.6}% 40
\BOOKMARK [0][-]{chapter.4}{Konzept}{}% 41
\BOOKMARK [1][-]{section.4.1}{Konzeptuelles Design}{chapter.4}% 42
\BOOKMARK [2][-]{subsection.4.1.1}{Funktionen}{section.4.1}% 43
\BOOKMARK [2][-]{subsection.4.1.2}{Anpassungen}{section.4.1}% 44
\BOOKMARK [1][-]{section.4.2}{Physikalisches Design}{chapter.4}% 45
\BOOKMARK [2][-]{subsection.4.2.1}{Problem beschreiben}{section.4.2}% 46
\BOOKMARK [2][-]{subsection.4.2.2}{Markierung des Bereichs}{section.4.2}% 47
\BOOKMARK [0][-]{chapter.5}{Prototyp}{}% 48
\BOOKMARK [0][-]{chapter.6}{Verifikation}{}% 49
\BOOKMARK [0][-]{chapter.7}{Zusammenfassung}{}% 50
\BOOKMARK [0][-]{chapter.8}{Ausblick}{}% 51
\BOOKMARK [0][-]{Anhang.a.A}{Anhang Anhang}{}% 52
\BOOKMARK [0][-]{chapter*.64}{Literaturverzeichnis}{}% 53
